<?xml version="1.0" encoding="UTF-8"?>
<testsuite name="agprojects.pokerapp.PokerappApplicationTests" tests="1" skipped="0" failures="0" errors="0" timestamp="2020-04-26T20:00:32" hostname="DESKTOP-E5MS52J" time="0.294">
  <properties/>
  <testcase name="contextLoads()" classname="agprojects.pokerapp.PokerappApplicationTests" time="0.294"/>
  <system-out><![CDATA[23:00:29.947 [Test worker] DEBUG org.springframework.test.context.BootstrapUtils - Instantiating CacheAwareContextLoaderDelegate from class [org.springframework.test.context.cache.DefaultCacheAwareContextLoaderDelegate]
23:00:29.958 [Test worker] DEBUG org.springframework.test.context.BootstrapUtils - Instantiating BootstrapContext using constructor [public org.springframework.test.context.support.DefaultBootstrapContext(java.lang.Class,org.springframework.test.context.CacheAwareContextLoaderDelegate)]
23:00:29.992 [Test worker] DEBUG org.springframework.test.context.BootstrapUtils - Instantiating TestContextBootstrapper for test class [agprojects.pokerapp.PokerappApplicationTests] from class [org.springframework.boot.test.context.SpringBootTestContextBootstrapper]
23:00:30.009 [Test worker] INFO org.springframework.boot.test.context.SpringBootTestContextBootstrapper - Neither @ContextConfiguration nor @ContextHierarchy found for test class [agprojects.pokerapp.PokerappApplicationTests], using SpringBootContextLoader
23:00:30.013 [Test worker] DEBUG org.springframework.test.context.support.AbstractContextLoader - Did not detect default resource location for test class [agprojects.pokerapp.PokerappApplicationTests]: class path resource [agprojects/pokerapp/PokerappApplicationTests-context.xml] does not exist
23:00:30.013 [Test worker] DEBUG org.springframework.test.context.support.AbstractContextLoader - Did not detect default resource location for test class [agprojects.pokerapp.PokerappApplicationTests]: class path resource [agprojects/pokerapp/PokerappApplicationTestsContext.groovy] does not exist
23:00:30.013 [Test worker] INFO org.springframework.test.context.support.AbstractContextLoader - Could not detect default resource locations for test class [agprojects.pokerapp.PokerappApplicationTests]: no resource found for suffixes {-context.xml, Context.groovy}.
23:00:30.013 [Test worker] INFO org.springframework.test.context.support.AnnotationConfigContextLoaderUtils - Could not detect default configuration classes for test class [agprojects.pokerapp.PokerappApplicationTests]: PokerappApplicationTests does not declare any static, non-private, non-final, nested classes annotated with @Configuration.
23:00:30.060 [Test worker] DEBUG org.springframework.test.context.support.ActiveProfilesUtils - Could not find an 'annotation declaring class' for annotation type [org.springframework.test.context.ActiveProfiles] and class [agprojects.pokerapp.PokerappApplicationTests]
23:00:30.129 [Test worker] DEBUG org.springframework.context.annotation.ClassPathScanningCandidateComponentProvider - Identified candidate component class: file [E:\Projects\PokerApp\build\classes\java\main\agprojects\pokerapp\PokerappApplication.class]
23:00:30.131 [Test worker] INFO org.springframework.boot.test.context.SpringBootTestContextBootstrapper - Found @SpringBootConfiguration agprojects.pokerapp.PokerappApplication for test class agprojects.pokerapp.PokerappApplicationTests
23:00:30.249 [Test worker] DEBUG org.springframework.boot.test.context.SpringBootTestContextBootstrapper - @TestExecutionListeners is not present for class [agprojects.pokerapp.PokerappApplicationTests]: using defaults.
23:00:30.250 [Test worker] INFO org.springframework.boot.test.context.SpringBootTestContextBootstrapper - Loaded default TestExecutionListener class names from location [META-INF/spring.factories]: [org.springframework.boot.test.autoconfigure.restdocs.RestDocsTestExecutionListener, org.springframework.boot.test.autoconfigure.web.client.MockRestServiceServerResetTestExecutionListener, org.springframework.boot.test.autoconfigure.web.servlet.MockMvcPrintOnlyOnFailureTestExecutionListener, org.springframework.boot.test.autoconfigure.web.servlet.WebDriverTestExecutionListener, org.springframework.boot.test.mock.mockito.MockitoTestExecutionListener, org.springframework.boot.test.mock.mockito.ResetMocksTestExecutionListener, org.springframework.test.context.web.ServletTestExecutionListener, org.springframework.test.context.support.DirtiesContextBeforeModesTestExecutionListener, org.springframework.test.context.support.DependencyInjectionTestExecutionListener, org.springframework.test.context.support.DirtiesContextTestExecutionListener, org.springframework.test.context.transaction.TransactionalTestExecutionListener, org.springframework.test.context.jdbc.SqlScriptsTestExecutionListener, org.springframework.test.context.event.EventPublishingTestExecutionListener]
23:00:30.263 [Test worker] DEBUG org.springframework.boot.test.context.SpringBootTestContextBootstrapper - Skipping candidate TestExecutionListener [org.springframework.test.context.transaction.TransactionalTestExecutionListener] due to a missing dependency. Specify custom listener classes or make the default listener classes and their required dependencies available. Offending class: [org/springframework/transaction/interceptor/TransactionAttributeSource]
23:00:30.263 [Test worker] DEBUG org.springframework.boot.test.context.SpringBootTestContextBootstrapper - Skipping candidate TestExecutionListener [org.springframework.test.context.jdbc.SqlScriptsTestExecutionListener] due to a missing dependency. Specify custom listener classes or make the default listener classes and their required dependencies available. Offending class: [org/springframework/transaction/interceptor/TransactionAttribute]
23:00:30.263 [Test worker] INFO org.springframework.boot.test.context.SpringBootTestContextBootstrapper - Using TestExecutionListeners: [org.springframework.test.context.web.ServletTestExecutionListener@4a2cea98, org.springframework.test.context.support.DirtiesContextBeforeModesTestExecutionListener@7ab9a2af, org.springframework.boot.test.mock.mockito.MockitoTestExecutionListener@22135755, org.springframework.boot.test.autoconfigure.SpringBootDependencyInjectionTestExecutionListener@691da7bb, org.springframework.test.context.support.DirtiesContextTestExecutionListener@4448f82a, org.springframework.test.context.event.EventPublishingTestExecutionListener@73d386d6, org.springframework.boot.test.autoconfigure.restdocs.RestDocsTestExecutionListener@4b42de06, org.springframework.boot.test.autoconfigure.web.client.MockRestServiceServerResetTestExecutionListener@4fe688aa, org.springframework.boot.test.autoconfigure.web.servlet.MockMvcPrintOnlyOnFailureTestExecutionListener@4c6cb0d4, org.springframework.boot.test.autoconfigure.web.servlet.WebDriverTestExecutionListener@23667ab9, org.springframework.boot.test.mock.mockito.ResetMocksTestExecutionListener@7e89223d]
23:00:30.263 [Test worker] DEBUG org.springframework.test.context.support.AbstractDirtiesContextTestExecutionListener - Before test class: context [DefaultTestContext@5528275a testClass = PokerappApplicationTests, testInstance = [null], testMethod = [null], testException = [null], mergedContextConfiguration = [WebMergedContextConfiguration@7fbfdcd3 testClass = PokerappApplicationTests, locations = '{}', classes = '{class agprojects.pokerapp.PokerappApplication}', contextInitializerClasses = '[]', activeProfiles = '{}', propertySourceLocations = '{}', propertySourceProperties = '{org.springframework.boot.test.context.SpringBootTestContextBootstrapper=true}', contextCustomizers = set[org.springframework.boot.test.autoconfigure.properties.PropertyMappingContextCustomizer@0, org.springframework.boot.test.autoconfigure.web.servlet.WebDriverContextCustomizerFactory$Customizer@6e89cd, org.springframework.boot.test.context.filter.ExcludeFilterContextCustomizer@17b26887, org.springframework.boot.test.json.DuplicateJsonObjectContextCustomizerFactory$DuplicateJsonObjectContextCustomizer@2dbf084f, org.springframework.boot.test.mock.mockito.MockitoContextCustomizer@0, org.springframework.boot.test.web.client.TestRestTemplateContextCustomizer@4bde2db3], resourceBasePath = 'src/main/webapp', contextLoader = 'org.springframework.boot.test.context.SpringBootContextLoader', parent = [null]], attributes = map['org.springframework.test.context.web.ServletTestExecutionListener.activateListener' -> true]], class annotated with @DirtiesContext [false] with mode [null].
23:00:30.296 [Test worker] DEBUG org.springframework.test.context.support.TestPropertySourceUtils - Adding inlined properties to environment: {spring.jmx.enabled=false, org.springframework.boot.test.context.SpringBootTestContextBootstrapper=true, server.port=-1}

  .   ____          _            __ _ _
 /\\ / ___'_ __ _ _(_)_ __  __ _ \ \ \ \
( ( )\___ | '_ | '_| | '_ \/ _` | \ \ \ \
 \\/  ___)| |_)| | | | | || (_| |  ) ) ) )
  '  |____| .__|_| |_|_| |_\__, | / / / /
 =========|_|==============|___/=/_/_/_/
 :: Spring Boot ::        (v2.2.6.RELEASE)

2020-04-26 23:00:30.572  INFO 9028 --- [    Test worker] a.pokerapp.PokerappApplicationTests      : Starting PokerappApplicationTests on DESKTOP-E5MS52J with PID 9028 (started by Wishiper in E:\Projects\PokerApp)
2020-04-26 23:00:30.572  INFO 9028 --- [    Test worker] a.pokerapp.PokerappApplicationTests      : No active profile set, falling back to default profiles: default
2020-04-26 23:00:31.974  INFO 9028 --- [    Test worker] o.s.s.concurrent.ThreadPoolTaskExecutor  : Initializing ExecutorService 'applicationTaskExecutor'
2020-04-26 23:00:32.335  INFO 9028 --- [    Test worker] a.pokerapp.PokerappApplicationTests      : Started PokerappApplicationTests in 2.033 seconds (JVM running for 3.399)
]]></system-out>
  <system-err><![CDATA[]]></system-err>
</testsuite>
